                    ; COR24 Assembly - Generated by wasm2cor24
                    ; Supports: i32.add, i32.sub, i32.and, i32.or, i32.xor
                    ;           i32.const, local.get, local.set
                    
                    ; Function: main
                    ; Signature: () -> void
0000:               main:
0000: 6A                     push    fp
0001: 4C                     mov     fp, sp
0002: 21 FA                  add     sp, -6
0004: 44 00                  lc      r0, 0
0006: 8A 00                  sw      r0, 0(fp)
0008:               .L0:
0008: 44 00                  lc      r0, 0
000A: 93 00                  lw      r1, 0(fp)
000C: 2B 00 00 FF            la      r2, 0xFF0000
0010: 02                     add     r0, r2
0011: 88 00                  sb      r1, 0(r0)
0013: 92 00                  lw      r0, 0(fp)
0015: 2A FF 00 00            la      r1, 0x0000FF
0019: 04                     and     r0, r1
001A: 8A 03                  sw      r0, 3(fp)
001C: 92 00                  lw      r0, 0(fp)
001E: 45 01                  lc      r1, 1
0020: 01                     add     r0, r1
0021: 8A 00                  sw      r0, 0(fp)
0023: 92 03                  lw      r0, 3(fp)
0025: 45 0F                  lc      r1, 15
0027: 1F                     clu     r0, r1
0028: 34                     mov     r0, c
0029: 15                     ceq     r0, z
002A: 14 DC                  brf     .L0
002C:               .L1:
002C: 53                     mov     sp, fp
002D: 76                     pop     fp
002E: C7 00 00 00            halt                ; return (use jmp (r1) for real calls)
                    
                    ; Function: add
                    ; Signature: (I32, I32) -> I32
0032:               add:
0032: 6A                     push    fp
0033: 4C                     mov     fp, sp
0034: 21 FA                  add     sp, -6
0036: 8A 00                  sw      r0, 0(fp)
0038: 8B 03                  sw      r1, 3(fp)
003A: 92 03                  lw      r0, 3(fp)
003C: 93 00                  lw      r1, 0(fp)
003E: 01                     add     r0, r1
003F: 53                     mov     sp, fp
0040: 76                     pop     fp
0041: C7 00 00 00            halt                ; return (use jmp (r1) for real calls)
                    
